/!\ FAILSAFE /!\  Thu Mar 03 09:30:19 -0600 2011
  Status: 500 Internal Server Error
  no such file to load -- sqlite3
    /usr/local/lib/site_ruby/1.8/rubygems/custom_require.rb:31:in `gem_original_require'
    /usr/local/lib/site_ruby/1.8/rubygems/custom_require.rb:31:in `require'
    /usr/lib/ruby/gems/1.8/gems/activesupport-2.3.5/lib/active_support/dependencies.rb:156:in `require'
    /usr/lib/ruby/gems/1.8/gems/activesupport-2.3.5/lib/active_support/dependencies.rb:521:in `new_constants_in'
    /usr/lib/ruby/gems/1.8/gems/activesupport-2.3.5/lib/active_support/dependencies.rb:156:in `require'
    /usr/lib/ruby/gems/1.8/gems/activesupport-2.3.5/lib/active_support/core_ext/kernel/requires.rb:7:in `require_library_or_gem'
    /usr/lib/ruby/gems/1.8/gems/activesupport-2.3.5/lib/active_support/core_ext/kernel/reporting.rb:11:in `silence_warnings'
    /usr/lib/ruby/gems/1.8/gems/activesupport-2.3.5/lib/active_support/core_ext/kernel/requires.rb:5:in `require_library_or_gem'
    /usr/lib/ruby/gems/1.8/gems/activerecord-2.3.5/lib/active_record/connection_adapters/sqlite3_adapter.rb:10:in `sqlite3_connection'
    /usr/lib/ruby/gems/1.8/gems/activerecord-2.3.5/lib/active_record/connection_adapters/abstract/connection_pool.rb:223:in `send'
    /usr/lib/ruby/gems/1.8/gems/activerecord-2.3.5/lib/active_record/connection_adapters/abstract/connection_pool.rb:223:in `new_connection'
    /usr/lib/ruby/gems/1.8/gems/activerecord-2.3.5/lib/active_record/connection_adapters/abstract/connection_pool.rb:245:in `checkout_new_connection'
    /usr/lib/ruby/gems/1.8/gems/activerecord-2.3.5/lib/active_record/connection_adapters/abstract/connection_pool.rb:188:in `checkout'
    /usr/lib/ruby/gems/1.8/gems/activerecord-2.3.5/lib/active_record/connection_adapters/abstract/connection_pool.rb:184:in `loop'
    /usr/lib/ruby/gems/1.8/gems/activerecord-2.3.5/lib/active_record/connection_adapters/abstract/connection_pool.rb:184:in `checkout'
    /usr/lib/ruby/1.8/monitor.rb:242:in `synchronize'
    /usr/lib/ruby/gems/1.8/gems/activerecord-2.3.5/lib/active_record/connection_adapters/abstract/connection_pool.rb:183:in `checkout'
    /usr/lib/ruby/gems/1.8/gems/activerecord-2.3.5/lib/active_record/connection_adapters/abstract/connection_pool.rb:98:in `connection'
    /usr/lib/ruby/gems/1.8/gems/activerecord-2.3.5/lib/active_record/connection_adapters/abstract/connection_pool.rb:326:in `retrieve_connection'
    /usr/lib/ruby/gems/1.8/gems/activerecord-2.3.5/lib/active_record/connection_adapters/abstract/connection_specification.rb:123:in `retrieve_connection'
    /usr/lib/ruby/gems/1.8/gems/activerecord-2.3.5/lib/active_record/connection_adapters/abstract/connection_specification.rb:115:in `connection'
    /usr/lib/ruby/gems/1.8/gems/activerecord-2.3.5/lib/active_record/query_cache.rb:9:in `cache'
    /usr/lib/ruby/gems/1.8/gems/activerecord-2.3.5/lib/active_record/query_cache.rb:28:in `call'
    /usr/lib/ruby/gems/1.8/gems/activerecord-2.3.5/lib/active_record/connection_adapters/abstract/connection_pool.rb:361:in `call'
    /usr/lib/ruby/gems/1.8/gems/actionpack-2.3.5/lib/action_controller/string_coercion.rb:25:in `call'
    /usr/lib/ruby/gems/1.8/gems/rack-1.0.1/lib/rack/head.rb:9:in `call'
    /usr/lib/ruby/gems/1.8/gems/rack-1.0.1/lib/rack/methodoverride.rb:24:in `call'
    /usr/lib/ruby/gems/1.8/gems/actionpack-2.3.5/lib/action_controller/params_parser.rb:15:in `call'
    /usr/lib/ruby/gems/1.8/gems/actionpack-2.3.5/lib/action_controller/session/cookie_store.rb:93:in `call'
    /usr/lib/ruby/gems/1.8/gems/actionpack-2.3.5/lib/action_controller/failsafe.rb:26:in `call'
    /usr/lib/ruby/gems/1.8/gems/rack-1.0.1/lib/rack/lock.rb:11:in `call'
    /usr/lib/ruby/gems/1.8/gems/rack-1.0.1/lib/rack/lock.rb:11:in `synchronize'
    /usr/lib/ruby/gems/1.8/gems/rack-1.0.1/lib/rack/lock.rb:11:in `call'
    /usr/lib/ruby/gems/1.8/gems/actionpack-2.3.5/lib/action_controller/dispatcher.rb:114:in `call'
    /usr/lib/ruby/gems/1.8/gems/actionpack-2.3.5/lib/action_controller/reloader.rb:34:in `run'
    /usr/lib/ruby/gems/1.8/gems/actionpack-2.3.5/lib/action_controller/dispatcher.rb:108:in `call'
    /usr/lib/ruby/gems/1.8/gems/rails-2.3.5/lib/rails/rack/static.rb:31:in `call'
    /usr/lib/ruby/gems/1.8/gems/rack-1.0.1/lib/rack/urlmap.rb:46:in `call'
    /usr/lib/ruby/gems/1.8/gems/rack-1.0.1/lib/rack/urlmap.rb:40:in `each'
    /usr/lib/ruby/gems/1.8/gems/rack-1.0.1/lib/rack/urlmap.rb:40:in `call'
    /usr/lib/ruby/gems/1.8/gems/rails-2.3.5/lib/rails/rack/log_tailer.rb:17:in `call'
    /usr/lib/ruby/gems/1.8/gems/rack-1.0.1/lib/rack/content_length.rb:13:in `call'
    /usr/lib/ruby/gems/1.8/gems/rack-1.0.1/lib/rack/handler/webrick.rb:50:in `service'
    /usr/lib/ruby/1.8/webrick/httpserver.rb:104:in `service'
    /usr/lib/ruby/1.8/webrick/httpserver.rb:65:in `run'
    /usr/lib/ruby/1.8/webrick/server.rb:173:in `start_thread'
    /usr/lib/ruby/1.8/webrick/server.rb:162:in `start'
    /usr/lib/ruby/1.8/webrick/server.rb:162:in `start_thread'
    /usr/lib/ruby/1.8/webrick/server.rb:95:in `start'
    /usr/lib/ruby/1.8/webrick/server.rb:92:in `each'
    /usr/lib/ruby/1.8/webrick/server.rb:92:in `start'
    /usr/lib/ruby/1.8/webrick/server.rb:23:in `start'
    /usr/lib/ruby/1.8/webrick/server.rb:82:in `start'
    /usr/lib/ruby/gems/1.8/gems/rack-1.0.1/lib/rack/handler/webrick.rb:14:in `run'
    /usr/lib/ruby/gems/1.8/gems/rails-2.3.5/lib/commands/server.rb:111
    /usr/local/lib/site_ruby/1.8/rubygems/custom_require.rb:31:in `gem_original_require'
    /usr/local/lib/site_ruby/1.8/rubygems/custom_require.rb:31:in `require'
    ./script/server:3
    -e:2:in `load'
    -e:2
/!\ FAILSAFE /!\  Thu Mar 03 09:30:27 -0600 2011
  Status: 500 Internal Server Error
  no such file to load -- sqlite3
    /usr/local/lib/site_ruby/1.8/rubygems/custom_require.rb:31:in `gem_original_require'
    /usr/local/lib/site_ruby/1.8/rubygems/custom_require.rb:31:in `require'
    /usr/lib/ruby/gems/1.8/gems/activesupport-2.3.5/lib/active_support/dependencies.rb:156:in `require'
    /usr/lib/ruby/gems/1.8/gems/activesupport-2.3.5/lib/active_support/dependencies.rb:521:in `new_constants_in'
    /usr/lib/ruby/gems/1.8/gems/activesupport-2.3.5/lib/active_support/dependencies.rb:156:in `require'
    /usr/lib/ruby/gems/1.8/gems/activesupport-2.3.5/lib/active_support/core_ext/kernel/requires.rb:7:in `require_library_or_gem'
    /usr/lib/ruby/gems/1.8/gems/activesupport-2.3.5/lib/active_support/core_ext/kernel/reporting.rb:11:in `silence_warnings'
    /usr/lib/ruby/gems/1.8/gems/activesupport-2.3.5/lib/active_support/core_ext/kernel/requires.rb:5:in `require_library_or_gem'
    /usr/lib/ruby/gems/1.8/gems/activerecord-2.3.5/lib/active_record/connection_adapters/sqlite3_adapter.rb:10:in `sqlite3_connection'
    /usr/lib/ruby/gems/1.8/gems/activerecord-2.3.5/lib/active_record/connection_adapters/abstract/connection_pool.rb:223:in `send'
    /usr/lib/ruby/gems/1.8/gems/activerecord-2.3.5/lib/active_record/connection_adapters/abstract/connection_pool.rb:223:in `new_connection'
    /usr/lib/ruby/gems/1.8/gems/activerecord-2.3.5/lib/active_record/connection_adapters/abstract/connection_pool.rb:245:in `checkout_new_connection'
    /usr/lib/ruby/gems/1.8/gems/activerecord-2.3.5/lib/active_record/connection_adapters/abstract/connection_pool.rb:188:in `checkout'
    /usr/lib/ruby/gems/1.8/gems/activerecord-2.3.5/lib/active_record/connection_adapters/abstract/connection_pool.rb:184:in `loop'
    /usr/lib/ruby/gems/1.8/gems/activerecord-2.3.5/lib/active_record/connection_adapters/abstract/connection_pool.rb:184:in `checkout'
    /usr/lib/ruby/1.8/monitor.rb:242:in `synchronize'
    /usr/lib/ruby/gems/1.8/gems/activerecord-2.3.5/lib/active_record/connection_adapters/abstract/connection_pool.rb:183:in `checkout'
    /usr/lib/ruby/gems/1.8/gems/activerecord-2.3.5/lib/active_record/connection_adapters/abstract/connection_pool.rb:98:in `connection'
    /usr/lib/ruby/gems/1.8/gems/activerecord-2.3.5/lib/active_record/connection_adapters/abstract/connection_pool.rb:326:in `retrieve_connection'
    /usr/lib/ruby/gems/1.8/gems/activerecord-2.3.5/lib/active_record/connection_adapters/abstract/connection_specification.rb:123:in `retrieve_connection'
    /usr/lib/ruby/gems/1.8/gems/activerecord-2.3.5/lib/active_record/connection_adapters/abstract/connection_specification.rb:115:in `connection'
    /usr/lib/ruby/gems/1.8/gems/activerecord-2.3.5/lib/active_record/query_cache.rb:9:in `cache'
    /usr/lib/ruby/gems/1.8/gems/activerecord-2.3.5/lib/active_record/query_cache.rb:28:in `call'
    /usr/lib/ruby/gems/1.8/gems/activerecord-2.3.5/lib/active_record/connection_adapters/abstract/connection_pool.rb:361:in `call'
    /usr/lib/ruby/gems/1.8/gems/actionpack-2.3.5/lib/action_controller/string_coercion.rb:25:in `call'
    /usr/lib/ruby/gems/1.8/gems/rack-1.0.1/lib/rack/head.rb:9:in `call'
    /usr/lib/ruby/gems/1.8/gems/rack-1.0.1/lib/rack/methodoverride.rb:24:in `call'
    /usr/lib/ruby/gems/1.8/gems/actionpack-2.3.5/lib/action_controller/params_parser.rb:15:in `call'
    /usr/lib/ruby/gems/1.8/gems/actionpack-2.3.5/lib/action_controller/session/cookie_store.rb:93:in `call'
    /usr/lib/ruby/gems/1.8/gems/actionpack-2.3.5/lib/action_controller/failsafe.rb:26:in `call'
    /usr/lib/ruby/gems/1.8/gems/rack-1.0.1/lib/rack/lock.rb:11:in `call'
    /usr/lib/ruby/gems/1.8/gems/rack-1.0.1/lib/rack/lock.rb:11:in `synchronize'
    /usr/lib/ruby/gems/1.8/gems/rack-1.0.1/lib/rack/lock.rb:11:in `call'
    /usr/lib/ruby/gems/1.8/gems/actionpack-2.3.5/lib/action_controller/dispatcher.rb:114:in `call'
    /usr/lib/ruby/gems/1.8/gems/actionpack-2.3.5/lib/action_controller/reloader.rb:34:in `run'
    /usr/lib/ruby/gems/1.8/gems/actionpack-2.3.5/lib/action_controller/dispatcher.rb:108:in `call'
    /usr/lib/ruby/gems/1.8/gems/rails-2.3.5/lib/rails/rack/static.rb:31:in `call'
    /usr/lib/ruby/gems/1.8/gems/rack-1.0.1/lib/rack/urlmap.rb:46:in `call'
    /usr/lib/ruby/gems/1.8/gems/rack-1.0.1/lib/rack/urlmap.rb:40:in `each'
    /usr/lib/ruby/gems/1.8/gems/rack-1.0.1/lib/rack/urlmap.rb:40:in `call'
    /usr/lib/ruby/gems/1.8/gems/rails-2.3.5/lib/rails/rack/log_tailer.rb:17:in `call'
    /usr/lib/ruby/gems/1.8/gems/rack-1.0.1/lib/rack/content_length.rb:13:in `call'
    /usr/lib/ruby/gems/1.8/gems/rack-1.0.1/lib/rack/handler/webrick.rb:50:in `service'
    /usr/lib/ruby/1.8/webrick/httpserver.rb:104:in `service'
    /usr/lib/ruby/1.8/webrick/httpserver.rb:65:in `run'
    /usr/lib/ruby/1.8/webrick/server.rb:173:in `start_thread'
    /usr/lib/ruby/1.8/webrick/server.rb:162:in `start'
    /usr/lib/ruby/1.8/webrick/server.rb:162:in `start_thread'
    /usr/lib/ruby/1.8/webrick/server.rb:95:in `start'
    /usr/lib/ruby/1.8/webrick/server.rb:92:in `each'
    /usr/lib/ruby/1.8/webrick/server.rb:92:in `start'
    /usr/lib/ruby/1.8/webrick/server.rb:23:in `start'
    /usr/lib/ruby/1.8/webrick/server.rb:82:in `start'
    /usr/lib/ruby/gems/1.8/gems/rack-1.0.1/lib/rack/handler/webrick.rb:14:in `run'
    /usr/lib/ruby/gems/1.8/gems/rails-2.3.5/lib/commands/server.rb:111
    /usr/local/lib/site_ruby/1.8/rubygems/custom_require.rb:31:in `gem_original_require'
    /usr/local/lib/site_ruby/1.8/rubygems/custom_require.rb:31:in `require'
    ./script/server:3
    -e:2:in `load'
    -e:2


Processing ApplicationController#index (for 127.0.0.1 at 2011-03-03 09:32:03) [GET]

ActionController::RoutingError (No route matches "/rocket/" with {:method=>:get}):
  /usr/lib/ruby/1.8/webrick/httpserver.rb:104:in `service'
  /usr/lib/ruby/1.8/webrick/httpserver.rb:65:in `run'
  /usr/lib/ruby/1.8/webrick/server.rb:173:in `start_thread'
  /usr/lib/ruby/1.8/webrick/server.rb:162:in `start'
  /usr/lib/ruby/1.8/webrick/server.rb:162:in `start_thread'
  /usr/lib/ruby/1.8/webrick/server.rb:95:in `start'
  /usr/lib/ruby/1.8/webrick/server.rb:92:in `each'
  /usr/lib/ruby/1.8/webrick/server.rb:92:in `start'
  /usr/lib/ruby/1.8/webrick/server.rb:23:in `start'
  /usr/lib/ruby/1.8/webrick/server.rb:82:in `start'
  -e:2:in `load'
  -e:2

Rendering rescues/layout (not_found)


Processing RocketsController#index (for 127.0.0.1 at 2011-03-03 09:32:12) [GET]
Rendering template within layouts/application
Rendering rockets/index

ActionView::TemplateError (You have a nil object when you didn't expect it!
You might have expected an instance of Array.
The error occurred while evaluating nil.each) on line #14 of app/views/rockets/index.html.erb:
11: <% form_tag :action => "family",:id => params[:id] do %>
12: <table class="problems"><tr>
13: <% @i = 0 %>
14: <% @rand_factors.each do |f| %>
15: <% if @i % 4 == 0 %>
16: </tr><tr>
17: <% end %>

    app/views/rockets/index.html.erb:14
    app/views/rockets/index.html.erb:11
    /usr/lib/ruby/1.8/webrick/httpserver.rb:104:in `service'
    /usr/lib/ruby/1.8/webrick/httpserver.rb:65:in `run'
    /usr/lib/ruby/1.8/webrick/server.rb:173:in `start_thread'
    /usr/lib/ruby/1.8/webrick/server.rb:162:in `start'
    /usr/lib/ruby/1.8/webrick/server.rb:162:in `start_thread'
    /usr/lib/ruby/1.8/webrick/server.rb:95:in `start'
    /usr/lib/ruby/1.8/webrick/server.rb:92:in `each'
    /usr/lib/ruby/1.8/webrick/server.rb:92:in `start'
    /usr/lib/ruby/1.8/webrick/server.rb:23:in `start'
    /usr/lib/ruby/1.8/webrick/server.rb:82:in `start'
    -e:2:in `load'
    -e:2

Rendered rescues/_trace (32.3ms)
Rendered rescues/_request_and_response (1.1ms)
Rendering rescues/layout (internal_server_error)


Processing RocketsController#index (for 127.0.0.1 at 2011-03-03 09:33:05) [GET]
Rendering template within layouts/application
Rendering rockets/index

ActionView::TemplateError (You have a nil object when you didn't expect it!
You might have expected an instance of Array.
The error occurred while evaluating nil.each) on line #14 of app/views/rockets/index.html.erb:
11: <% form_tag :action => "family",:id => params[:id] do %>
12: <table class="problems"><tr>
13: <% @i = 0 %>
14: <% @rand_factors.each do |f| %>
15: <% if @i % 4 == 0 %>
16: </tr><tr>
17: <% end %>

    app/views/rockets/index.html.erb:14
    app/views/rockets/index.html.erb:11
    /usr/lib/ruby/1.8/webrick/httpserver.rb:104:in `service'
    /usr/lib/ruby/1.8/webrick/httpserver.rb:65:in `run'
    /usr/lib/ruby/1.8/webrick/server.rb:173:in `start_thread'
    /usr/lib/ruby/1.8/webrick/server.rb:162:in `start'
    /usr/lib/ruby/1.8/webrick/server.rb:162:in `start_thread'
    /usr/lib/ruby/1.8/webrick/server.rb:95:in `start'
    /usr/lib/ruby/1.8/webrick/server.rb:92:in `each'
    /usr/lib/ruby/1.8/webrick/server.rb:92:in `start'
    /usr/lib/ruby/1.8/webrick/server.rb:23:in `start'
    /usr/lib/ruby/1.8/webrick/server.rb:82:in `start'
    -e:2:in `load'
    -e:2

Rendered rescues/_trace (32.4ms)
Rendered rescues/_request_and_response (0.2ms)
Rendering rescues/layout (internal_server_error)


Processing RocketsController#index (for 127.0.0.1 at 2011-03-03 09:38:49) [GET]
Rendering template within layouts/application
Rendering rockets/index

ActionView::TemplateError (You have a nil object when you didn't expect it!
You might have expected an instance of Array.
The error occurred while evaluating nil.each) on line #5 of app/views/rockets/index.html.erb:
2: 
3: <table class="problems"><tr>
4: <% @i = 0 %>
5: <% @rand_upfactors.each do |f| %>
6: <% if @i % 4 == 0 %>
7: </tr><tr>
8: <% end %>

    app/views/rockets/index.html.erb:5
    /usr/lib/ruby/1.8/webrick/httpserver.rb:104:in `service'
    /usr/lib/ruby/1.8/webrick/httpserver.rb:65:in `run'
    /usr/lib/ruby/1.8/webrick/server.rb:173:in `start_thread'
    /usr/lib/ruby/1.8/webrick/server.rb:162:in `start'
    /usr/lib/ruby/1.8/webrick/server.rb:162:in `start_thread'
    /usr/lib/ruby/1.8/webrick/server.rb:95:in `start'
    /usr/lib/ruby/1.8/webrick/server.rb:92:in `each'
    /usr/lib/ruby/1.8/webrick/server.rb:92:in `start'
    /usr/lib/ruby/1.8/webrick/server.rb:23:in `start'
    /usr/lib/ruby/1.8/webrick/server.rb:82:in `start'
    -e:2:in `load'
    -e:2

Rendered rescues/_trace (28.2ms)
Rendered rescues/_request_and_response (0.4ms)
Rendering rescues/layout (internal_server_error)


Processing RocketsController#index (for 127.0.0.1 at 2011-03-03 09:41:12) [GET]
Rendering template within layouts/application
Rendering rockets/index

ActionView::TemplateError (You have a nil object when you didn't expect it!
You might have expected an instance of Array.
The error occurred while evaluating nil.length) on line #6 of app/views/rockets/index.html.erb:
3: <table class="problems"><tr>
4: <% @i = 0 %>
5: <% 40.times do |x| %>
6: 	<% @up = @upfactors[rand(@upfactors.length)] %>
7: 	<% @down = @downfactors[rand(@downfactors.length)] %>
8: 	
9: 	<% if @i % 10 == 0 %>

    app/views/rockets/index.html.erb:6
    app/views/rockets/index.html.erb:5:in `times'
    app/views/rockets/index.html.erb:5
    /usr/lib/ruby/1.8/webrick/httpserver.rb:104:in `service'
    /usr/lib/ruby/1.8/webrick/httpserver.rb:65:in `run'
    /usr/lib/ruby/1.8/webrick/server.rb:173:in `start_thread'
    /usr/lib/ruby/1.8/webrick/server.rb:162:in `start'
    /usr/lib/ruby/1.8/webrick/server.rb:162:in `start_thread'
    /usr/lib/ruby/1.8/webrick/server.rb:95:in `start'
    /usr/lib/ruby/1.8/webrick/server.rb:92:in `each'
    /usr/lib/ruby/1.8/webrick/server.rb:92:in `start'
    /usr/lib/ruby/1.8/webrick/server.rb:23:in `start'
    /usr/lib/ruby/1.8/webrick/server.rb:82:in `start'
    -e:2:in `load'
    -e:2

Rendered rescues/_trace (70.4ms)
Rendered rescues/_request_and_response (0.2ms)
Rendering rescues/layout (internal_server_error)


Processing RocketsController#index (for 127.0.0.1 at 2011-03-03 09:41:26) [GET]
Rendering template within layouts/application
Rendering rockets/index

ActionView::TemplateError (You have a nil object when you didn't expect it!
You might have expected an instance of Array.
The error occurred while evaluating nil.length) on line #6 of app/views/rockets/index.html.erb:
3: <table class="problems"><tr>
4: <% @i = 0 %>
5: <% 40.times do |x| %>
6: 	<% @up = @upfactors[rand(@upfactors.length)] %>
7: 	<% @down = @downfactors[rand(@downfactors.length)] %>
8: 	
9: 	<% if @i % 10 == 0 %>

    app/views/rockets/index.html.erb:6
    app/views/rockets/index.html.erb:5:in `times'
    app/views/rockets/index.html.erb:5
    /usr/lib/ruby/1.8/webrick/httpserver.rb:104:in `service'
    /usr/lib/ruby/1.8/webrick/httpserver.rb:65:in `run'
    /usr/lib/ruby/1.8/webrick/server.rb:173:in `start_thread'
    /usr/lib/ruby/1.8/webrick/server.rb:162:in `start'
    /usr/lib/ruby/1.8/webrick/server.rb:162:in `start_thread'
    /usr/lib/ruby/1.8/webrick/server.rb:95:in `start'
    /usr/lib/ruby/1.8/webrick/server.rb:92:in `each'
    /usr/lib/ruby/1.8/webrick/server.rb:92:in `start'
    /usr/lib/ruby/1.8/webrick/server.rb:23:in `start'
    /usr/lib/ruby/1.8/webrick/server.rb:82:in `start'
    -e:2:in `load'
    -e:2

Rendered rescues/_trace (28.4ms)
Rendered rescues/_request_and_response (0.2ms)
Rendering rescues/layout (internal_server_error)


Processing RocketsController#index (for 127.0.0.1 at 2011-03-03 09:42:00) [GET]
Rendering template within layouts/application
Rendering rockets/index

ActionView::TemplateError (You have a nil object when you didn't expect it!
You might have expected an instance of Array.
The error occurred while evaluating nil.length) on line #5 of app/views/rockets/index.html.erb:
2: 
3: <table class="problems"><tr>
4: <% 40.times do |x| %>
5: 	<% @up = @upfactors[rand(@upfactors.length)] %>
6: 	<% @down = @downfactors[rand(@downfactors.length)] %>
7: 	
8: 	<% if x % 10 == 0 %>

    app/views/rockets/index.html.erb:5
    app/views/rockets/index.html.erb:4:in `times'
    app/views/rockets/index.html.erb:4
    /usr/lib/ruby/1.8/webrick/httpserver.rb:104:in `service'
    /usr/lib/ruby/1.8/webrick/httpserver.rb:65:in `run'
    /usr/lib/ruby/1.8/webrick/server.rb:173:in `start_thread'
    /usr/lib/ruby/1.8/webrick/server.rb:162:in `start'
    /usr/lib/ruby/1.8/webrick/server.rb:162:in `start_thread'
    /usr/lib/ruby/1.8/webrick/server.rb:95:in `start'
    /usr/lib/ruby/1.8/webrick/server.rb:92:in `each'
    /usr/lib/ruby/1.8/webrick/server.rb:92:in `start'
    /usr/lib/ruby/1.8/webrick/server.rb:23:in `start'
    /usr/lib/ruby/1.8/webrick/server.rb:82:in `start'
    -e:2:in `load'
    -e:2

Rendered rescues/_trace (64.4ms)
Rendered rescues/_request_and_response (0.2ms)
Rendering rescues/layout (internal_server_error)


Processing RocketsController#index (for 127.0.0.1 at 2011-03-03 09:42:26) [GET]
Rendering template within layouts/application
Rendering rockets/index
Completed in 3ms (View: 2 | 200 OK [http://localhost/rockets/]


Processing RocketsController#images to png (for 127.0.0.1 at 2011-03-03 09:42:26) [GET]
  Parameters: {"id"=>"rocket"}

ActionController::UnknownAction (No action responded to images. Actions: index):
  /usr/lib/ruby/1.8/webrick/httpserver.rb:104:in `service'
  /usr/lib/ruby/1.8/webrick/httpserver.rb:65:in `run'
  /usr/lib/ruby/1.8/webrick/server.rb:173:in `start_thread'
  /usr/lib/ruby/1.8/webrick/server.rb:162:in `start'
  /usr/lib/ruby/1.8/webrick/server.rb:162:in `start_thread'
  /usr/lib/ruby/1.8/webrick/server.rb:95:in `start'
  /usr/lib/ruby/1.8/webrick/server.rb:92:in `each'
  /usr/lib/ruby/1.8/webrick/server.rb:92:in `start'
  /usr/lib/ruby/1.8/webrick/server.rb:23:in `start'
  /usr/lib/ruby/1.8/webrick/server.rb:82:in `start'
  -e:2:in `load'
  -e:2

Rendering rescues/layout (not_found)


Processing RocketsController#images to png (for 127.0.0.1 at 2011-03-03 09:42:26) [GET]
  Parameters: {"id"=>"rocket"}

ActionController::UnknownAction (No action responded to images. Actions: index):
  /usr/lib/ruby/1.8/webrick/httpserver.rb:104:in `service'
  /usr/lib/ruby/1.8/webrick/httpserver.rb:65:in `run'
  /usr/lib/ruby/1.8/webrick/server.rb:173:in `start_thread'
  /usr/lib/ruby/1.8/webrick/server.rb:162:in `start'
  /usr/lib/ruby/1.8/webrick/server.rb:162:in `start_thread'
  /usr/lib/ruby/1.8/webrick/server.rb:95:in `start'
  /usr/lib/ruby/1.8/webrick/server.rb:92:in `each'
  /usr/lib/ruby/1.8/webrick/server.rb:92:in `start'
  /usr/lib/ruby/1.8/webrick/server.rb:23:in `start'
  /usr/lib/ruby/1.8/webrick/server.rb:82:in `start'
  -e:2:in `load'
  -e:2

Rendering rescues/layout (not_found)


Processing RocketsController#images to png (for 127.0.0.1 at 2011-03-03 09:42:29) [GET]
  Parameters: {"id"=>"rocket"}

ActionController::UnknownAction (No action responded to images. Actions: index):
  /usr/lib/ruby/1.8/webrick/httpserver.rb:104:in `service'
  /usr/lib/ruby/1.8/webrick/httpserver.rb:65:in `run'
  /usr/lib/ruby/1.8/webrick/server.rb:173:in `start_thread'
  /usr/lib/ruby/1.8/webrick/server.rb:162:in `start'
  /usr/lib/ruby/1.8/webrick/server.rb:162:in `start_thread'
  /usr/lib/ruby/1.8/webrick/server.rb:95:in `start'
  /usr/lib/ruby/1.8/webrick/server.rb:92:in `each'
  /usr/lib/ruby/1.8/webrick/server.rb:92:in `start'
  /usr/lib/ruby/1.8/webrick/server.rb:23:in `start'
  /usr/lib/ruby/1.8/webrick/server.rb:82:in `start'
  -e:2:in `load'
  -e:2

Rendering rescues/layout (not_found)


Processing RocketsController#index (for 127.0.0.1 at 2011-03-03 09:44:01) [GET]
Rendering template within layouts/application
Rendering rockets/index
Completed in 10ms (View: 8 | 200 OK [http://localhost/rockets/]


Processing RocketsController#index (for 127.0.0.1 at 2011-03-03 09:44:10) [GET]
Rendering template within layouts/application
Rendering rockets/index
Completed in 5ms (View: 4 | 200 OK [http://localhost/rockets/]


Processing RocketsController#index (for 127.0.0.1 at 2011-03-03 09:44:43) [GET]
Rendering template within layouts/application
Rendering rockets/index
Completed in 5ms (View: 4 | 200 OK [http://localhost/rockets/]


Processing RocketsController#index (for 127.0.0.1 at 2011-03-03 09:45:00) [GET]
Rendering template within layouts/application
Rendering rockets/index
Completed in 3ms (View: 1 | 200 OK [http://localhost/rockets/]


Processing RocketsController#index (for 127.0.0.1 at 2011-03-03 09:45:14) [GET]
Rendering template within layouts/application
Rendering rockets/index
Completed in 3ms (View: 1 | 200 OK [http://localhost/rockets/]


Processing RocketsController#index (for 127.0.0.1 at 2011-03-03 09:45:19) [GET]
Rendering template within layouts/application
Rendering rockets/index
Completed in 3ms (View: 1 | 200 OK [http://localhost/rockets/]


Processing RocketsController#index (for 127.0.0.1 at 2011-03-03 09:46:56) [GET]
Rendering template within layouts/application
Rendering rockets/index
Completed in 3ms (View: 1 | 200 OK [http://localhost/rockets/]


Processing RocketsController#index (for 127.0.0.1 at 2011-03-03 09:47:45) [GET]
Rendering template within layouts/application
Rendering rockets/index

ActionView::TemplateError (undefined method `submit' for #<ActionView::Base:0xb7130a94>) on line #20 of app/views/rockets/index.html.erb:
17: <% end %>
18: </tr></table>
19: 
20: <%= submit "Regenerate" %>
21: 
22: </div>

    app/views/rockets/index.html.erb:20
    /usr/lib/ruby/1.8/webrick/httpserver.rb:104:in `service'
    /usr/lib/ruby/1.8/webrick/httpserver.rb:65:in `run'
    /usr/lib/ruby/1.8/webrick/server.rb:173:in `start_thread'
    /usr/lib/ruby/1.8/webrick/server.rb:162:in `start'
    /usr/lib/ruby/1.8/webrick/server.rb:162:in `start_thread'
    /usr/lib/ruby/1.8/webrick/server.rb:95:in `start'
    /usr/lib/ruby/1.8/webrick/server.rb:92:in `each'
    /usr/lib/ruby/1.8/webrick/server.rb:92:in `start'
    /usr/lib/ruby/1.8/webrick/server.rb:23:in `start'
    /usr/lib/ruby/1.8/webrick/server.rb:82:in `start'
    -e:2:in `load'
    -e:2

Rendered rescues/_trace (28.6ms)
Rendered rescues/_request_and_response (1.0ms)
Rendering rescues/layout (internal_server_error)


Processing RocketsController#index (for 127.0.0.1 at 2011-03-03 09:47:52) [GET]
Rendering template within layouts/application
Rendering rockets/index

ActionView::TemplateError (undefined method `submit_button' for #<ActionView::Base:0xb6cd8654>) on line #20 of app/views/rockets/index.html.erb:
17: <% end %>
18: </tr></table>
19: 
20: <%= submit_button "Regenerate" %>
21: 
22: </div>

    app/views/rockets/index.html.erb:20
    /usr/lib/ruby/1.8/webrick/httpserver.rb:104:in `service'
    /usr/lib/ruby/1.8/webrick/httpserver.rb:65:in `run'
    /usr/lib/ruby/1.8/webrick/server.rb:173:in `start_thread'
    /usr/lib/ruby/1.8/webrick/server.rb:162:in `start'
    /usr/lib/ruby/1.8/webrick/server.rb:162:in `start_thread'
    /usr/lib/ruby/1.8/webrick/server.rb:95:in `start'
    /usr/lib/ruby/1.8/webrick/server.rb:92:in `each'
    /usr/lib/ruby/1.8/webrick/server.rb:92:in `start'
    /usr/lib/ruby/1.8/webrick/server.rb:23:in `start'
    /usr/lib/ruby/1.8/webrick/server.rb:82:in `start'
    -e:2:in `load'
    -e:2

Rendered rescues/_trace (62.8ms)
Rendered rescues/_request_and_response (0.2ms)
Rendering rescues/layout (internal_server_error)


Processing RocketsController#index (for 127.0.0.1 at 2011-03-03 09:50:14) [GET]
Rendering template within layouts/application
Rendering rockets/index
Completed in 14ms (View: 13 | 200 OK [http://localhost/rockets/]


Processing RocketsController#index (for 127.0.0.1 at 2011-03-03 09:50:22) [GET]
Rendering template within layouts/application
Rendering rockets/index
Completed in 7ms (View: 5 | 200 OK [http://localhost/rockets/]


Processing RocketsController#index (for 127.0.0.1 at 2011-03-03 09:51:17) [GET]
Rendering template within layouts/application
Rendering rockets/index
Completed in 6ms (View: 5 | 200 OK [http://localhost/rockets/]


Processing RocketsController#index (for 127.0.0.1 at 2011-03-03 09:51:31) [GET]
Rendering template within layouts/application
Rendering rockets/index
Completed in 7ms (View: 5 | 200 OK [http://localhost/rockets/]


Processing RocketsController#index (for 127.0.0.1 at 2011-03-03 09:51:35) [POST]
  Parameters: {"commit"=>"Generate New", "authenticity_token"=>"JLDoNayQzhuTjcW3SVutFjOs6ZEXL0LUfFWQHP0THzU="}
Rendering template within layouts/application
Rendering rockets/index
Completed in 4ms (View: 2 | 200 OK [http://localhost/rockets]


Processing RocketsController#index (for 127.0.0.1 at 2011-03-03 09:51:35) [POST]
  Parameters: {"commit"=>"Generate New", "authenticity_token"=>"JLDoNayQzhuTjcW3SVutFjOs6ZEXL0LUfFWQHP0THzU="}
Rendering template within layouts/application
Rendering rockets/index
Completed in 4ms (View: 2 | 200 OK [http://localhost/rockets]


Processing RocketsController#index (for 127.0.0.1 at 2011-03-03 09:51:36) [POST]
  Parameters: {"commit"=>"Generate New", "authenticity_token"=>"JLDoNayQzhuTjcW3SVutFjOs6ZEXL0LUfFWQHP0THzU="}
Rendering template within layouts/application
Rendering rockets/index
Completed in 4ms (View: 2 | 200 OK [http://localhost/rockets]


Processing RocketsController#index (for 127.0.0.1 at 2011-03-03 09:51:37) [POST]
  Parameters: {"commit"=>"Generate New", "authenticity_token"=>"JLDoNayQzhuTjcW3SVutFjOs6ZEXL0LUfFWQHP0THzU="}
Rendering template within layouts/application
Rendering rockets/index
Completed in 4ms (View: 2 | 200 OK [http://localhost/rockets]


Processing RocketsController#index (for 127.0.0.1 at 2011-03-03 09:52:00) [POST]
  Parameters: {"commit"=>"Generate New", "authenticity_token"=>"JLDoNayQzhuTjcW3SVutFjOs6ZEXL0LUfFWQHP0THzU="}
Rendering template within layouts/application
Rendering rockets/index
ERROR: compiling _run_erb_app47views47rockets47index46html46erb RAISED compile error
/home/mcafeekj/www/rocketmath/app/views/rockets/index.html.erb:2: syntax error, unexpected ')'
...ag :action => "index" do |f| ).to_s); @output_buffer.concat ...
                              ^
/home/mcafeekj/www/rocketmath/app/views/rockets/index.html.erb:25: syntax error, unexpected kENSURE, expecting ')'
/home/mcafeekj/www/rocketmath/app/views/rockets/index.html.erb:27: syntax error, unexpected kEND, expecting ')'
Function body:           def _run_erb_app47views47rockets47index46html46erb(local_assigns)
            old_output_buffer = output_buffer;;@output_buffer = '';  __in_erb_template=true ; @output_buffer.concat "<div id=\"content\">\n"
; @output_buffer.concat(( form_tag :action => "index" do |f| ).to_s); @output_buffer.concat "\n<table class=\"problems\"><tr>\n"

;  40.times do |x| ; @output_buffer.concat "\n\t"
;  @up = @upfactors[rand(@upfactors.length)] ; @output_buffer.concat "\n\t"
;  @down = @downfactors[rand(@downfactors.length)] ; @output_buffer.concat "\n\t\n\t"

;  if x % 10 == 0 ; @output_buffer.concat "\n\t\t</tr><tr>\n\t"

;  end ; @output_buffer.concat "\n\t<td>\n\t"

; @output_buffer.concat(( @up.to_s ).to_s); @output_buffer.concat "<BR>\n\tX&nbsp;"
; @output_buffer.concat(( @down.to_s ).to_s); @output_buffer.concat "<BR>\n\t_____<BR>\n\t<BR><BR>\n\t</td>\n"



;  end ; @output_buffer.concat "\n</tr></table>\n<div class=\"generate\">\n\t<BR>\n\t"



; @output_buffer.concat(( submit_tag "Generate New" ).to_s); @output_buffer.concat "\n</div>\n"

;  end ; @output_buffer.concat "\n</div>"
; @output_buffer
          ensure
            self.output_buffer = old_output_buffer
          end
Backtrace: /home/mcafeekj/www/rocketmath/app/views/rockets/index.html.erb:27:in `compile!'
/usr/lib/ruby/gems/1.8/gems/actionpack-2.3.5/lib/action_view/renderable.rb:61:in `compile'
/usr/lib/ruby/gems/1.8/gems/actionpack-2.3.5/lib/action_view/renderable.rb:28:in `render'
/usr/lib/ruby/gems/1.8/gems/actionpack-2.3.5/lib/action_view/template.rb:205:in `render_template'
/usr/lib/ruby/gems/1.8/gems/actionpack-2.3.5/lib/action_view/base.rb:265:in `render'
/usr/lib/ruby/gems/1.8/gems/actionpack-2.3.5/lib/action_view/base.rb:348:in `_render_with_layout'
/usr/lib/ruby/gems/1.8/gems/actionpack-2.3.5/lib/action_view/base.rb:262:in `render'
/usr/lib/ruby/gems/1.8/gems/actionpack-2.3.5/lib/action_controller/base.rb:1250:in `render_for_file'
/usr/lib/ruby/gems/1.8/gems/actionpack-2.3.5/lib/action_controller/base.rb:945:in `render_without_benchmark'
/usr/lib/ruby/gems/1.8/gems/actionpack-2.3.5/lib/action_controller/benchmarking.rb:51:in `render'
/usr/lib/ruby/gems/1.8/gems/activesupport-2.3.5/lib/active_support/core_ext/benchmark.rb:17:in `ms'
/usr/lib/ruby/1.8/benchmark.rb:308:in `realtime'
/usr/lib/ruby/gems/1.8/gems/activesupport-2.3.5/lib/active_support/core_ext/benchmark.rb:17:in `ms'
/usr/lib/ruby/gems/1.8/gems/actionpack-2.3.5/lib/action_controller/benchmarking.rb:51:in `render'
/usr/lib/ruby/gems/1.8/gems/actionpack-2.3.5/lib/action_controller/base.rb:1326:in `default_render'
/usr/lib/ruby/gems/1.8/gems/actionpack-2.3.5/lib/action_controller/base.rb:1332:in `perform_action_without_filters'
/usr/lib/ruby/gems/1.8/gems/actionpack-2.3.5/lib/action_controller/filters.rb:617:in `call_filters'
/usr/lib/ruby/gems/1.8/gems/actionpack-2.3.5/lib/action_controller/filters.rb:610:in `perform_action_without_benchmark'
/usr/lib/ruby/gems/1.8/gems/actionpack-2.3.5/lib/action_controller/benchmarking.rb:68:in `perform_action_without_rescue'
/usr/lib/ruby/gems/1.8/gems/activesupport-2.3.5/lib/active_support/core_ext/benchmark.rb:17:in `ms'
/usr/lib/ruby/1.8/benchmark.rb:308:in `realtime'
/usr/lib/ruby/gems/1.8/gems/activesupport-2.3.5/lib/active_support/core_ext/benchmark.rb:17:in `ms'
/usr/lib/ruby/gems/1.8/gems/actionpack-2.3.5/lib/action_controller/benchmarking.rb:68:in `perform_action_without_rescue'
/usr/lib/ruby/gems/1.8/gems/actionpack-2.3.5/lib/action_controller/rescue.rb:160:in `perform_action_without_flash'
/usr/lib/ruby/gems/1.8/gems/actionpack-2.3.5/lib/action_controller/flash.rb:146:in `perform_action'
/usr/lib/ruby/gems/1.8/gems/actionpack-2.3.5/lib/action_controller/base.rb:532:in `send'
/usr/lib/ruby/gems/1.8/gems/actionpack-2.3.5/lib/action_controller/base.rb:532:in `process_without_filters'
/usr/lib/ruby/gems/1.8/gems/actionpack-2.3.5/lib/action_controller/filters.rb:606:in `process'
/usr/lib/ruby/gems/1.8/gems/actionpack-2.3.5/lib/action_controller/base.rb:391:in `process'
/usr/lib/ruby/gems/1.8/gems/actionpack-2.3.5/lib/action_controller/base.rb:386:in `call'
/usr/lib/ruby/gems/1.8/gems/actionpack-2.3.5/lib/action_controller/routing/route_set.rb:437:in `call'
/usr/lib/ruby/gems/1.8/gems/actionpack-2.3.5/lib/action_controller/dispatcher.rb:87:in `dispatch'
/usr/lib/ruby/gems/1.8/gems/actionpack-2.3.5/lib/action_controller/dispatcher.rb:121:in `_call'
/usr/lib/ruby/gems/1.8/gems/actionpack-2.3.5/lib/action_controller/dispatcher.rb:130
/usr/lib/ruby/gems/1.8/gems/actionpack-2.3.5/lib/action_controller/string_coercion.rb:25:in `call'
/usr/lib/ruby/gems/1.8/gems/actionpack-2.3.5/lib/action_controller/string_coercion.rb:25:in `call'
/usr/lib/ruby/gems/1.8/gems/rack-1.0.1/lib/rack/head.rb:9:in `call'
/usr/lib/ruby/gems/1.8/gems/rack-1.0.1/lib/rack/methodoverride.rb:24:in `call'
/usr/lib/ruby/gems/1.8/gems/actionpack-2.3.5/lib/action_controller/params_parser.rb:15:in `call'
/usr/lib/ruby/gems/1.8/gems/actionpack-2.3.5/lib/action_controller/session/cookie_store.rb:93:in `call'
/usr/lib/ruby/gems/1.8/gems/actionpack-2.3.5/lib/action_controller/failsafe.rb:26:in `call'
/usr/lib/ruby/gems/1.8/gems/rack-1.0.1/lib/rack/lock.rb:11:in `call'
/usr/lib/ruby/gems/1.8/gems/rack-1.0.1/lib/rack/lock.rb:11:in `synchronize'
/usr/lib/ruby/gems/1.8/gems/rack-1.0.1/lib/rack/lock.rb:11:in `call'
/usr/lib/ruby/gems/1.8/gems/actionpack-2.3.5/lib/action_controller/dispatcher.rb:114:in `call'
/usr/lib/ruby/gems/1.8/gems/actionpack-2.3.5/lib/action_controller/reloader.rb:34:in `run'
/usr/lib/ruby/gems/1.8/gems/actionpack-2.3.5/lib/action_controller/dispatcher.rb:108:in `call'
/usr/lib/ruby/gems/1.8/gems/rails-2.3.5/lib/rails/rack/static.rb:31:in `call'
/usr/lib/ruby/gems/1.8/gems/rack-1.0.1/lib/rack/urlmap.rb:46:in `call'
/usr/lib/ruby/gems/1.8/gems/rack-1.0.1/lib/rack/urlmap.rb:40:in `each'
/usr/lib/ruby/gems/1.8/gems/rack-1.0.1/lib/rack/urlmap.rb:40:in `call'
/usr/lib/ruby/gems/1.8/gems/rails-2.3.5/lib/rails/rack/log_tailer.rb:17:in `call'
/usr/lib/ruby/gems/1.8/gems/rack-1.0.1/lib/rack/content_length.rb:13:in `call'
/usr/lib/ruby/gems/1.8/gems/rack-1.0.1/lib/rack/handler/webrick.rb:50:in `service'
/usr/lib/ruby/1.8/webrick/httpserver.rb:104:in `service'
/usr/lib/ruby/1.8/webrick/httpserver.rb:65:in `run'
/usr/lib/ruby/1.8/webrick/server.rb:173:in `start_thread'
/usr/lib/ruby/1.8/webrick/server.rb:162:in `start'
/usr/lib/ruby/1.8/webrick/server.rb:162:in `start_thread'
/usr/lib/ruby/1.8/webrick/server.rb:95:in `start'
/usr/lib/ruby/1.8/webrick/server.rb:92:in `each'
/usr/lib/ruby/1.8/webrick/server.rb:92:in `start'
/usr/lib/ruby/1.8/webrick/server.rb:23:in `start'
/usr/lib/ruby/1.8/webrick/server.rb:82:in `start'
/usr/lib/ruby/gems/1.8/gems/rack-1.0.1/lib/rack/handler/webrick.rb:14:in `run'
/usr/lib/ruby/gems/1.8/gems/rails-2.3.5/lib/commands/server.rb:111
/usr/local/lib/site_ruby/1.8/rubygems/custom_require.rb:31:in `gem_original_require'
/usr/local/lib/site_ruby/1.8/rubygems/custom_require.rb:31:in `require'
./script/server:3
-e:2:in `load'
-e:2

ActionView::TemplateError (compile error
/home/mcafeekj/www/rocketmath/app/views/rockets/index.html.erb:2: syntax error, unexpected ')'
...ag :action => "index" do |f| ).to_s); @output_buffer.concat ...
                              ^
/home/mcafeekj/www/rocketmath/app/views/rockets/index.html.erb:25: syntax error, unexpected kENSURE, expecting ')'
/home/mcafeekj/www/rocketmath/app/views/rockets/index.html.erb:27: syntax error, unexpected kEND, expecting ')') on line #2 of app/views/rockets/index.html.erb:
1: <div id="content">
2: <%= form_tag :action => "index" do |f| %>
3: <table class="problems"><tr>
4: <% 40.times do |x| %>
5: 	<% @up = @upfactors[rand(@upfactors.length)] %>

    app/views/rockets/index.html.erb:27:in `compile!'
    /usr/lib/ruby/1.8/webrick/httpserver.rb:104:in `service'
    /usr/lib/ruby/1.8/webrick/httpserver.rb:65:in `run'
    /usr/lib/ruby/1.8/webrick/server.rb:173:in `start_thread'
    /usr/lib/ruby/1.8/webrick/server.rb:162:in `start'
    /usr/lib/ruby/1.8/webrick/server.rb:162:in `start_thread'
    /usr/lib/ruby/1.8/webrick/server.rb:95:in `start'
    /usr/lib/ruby/1.8/webrick/server.rb:92:in `each'
    /usr/lib/ruby/1.8/webrick/server.rb:92:in `start'
    /usr/lib/ruby/1.8/webrick/server.rb:23:in `start'
    /usr/lib/ruby/1.8/webrick/server.rb:82:in `start'
    -e:2:in `load'
    -e:2

Rendered rescues/_trace (28.1ms)
Rendered rescues/_request_and_response (0.2ms)
Rendering rescues/layout (internal_server_error)


Processing RocketsController#index (for 127.0.0.1 at 2011-03-03 09:52:24) [POST]
  Parameters: {"commit"=>"Generate New", "authenticity_token"=>"JLDoNayQzhuTjcW3SVutFjOs6ZEXL0LUfFWQHP0THzU="}
Rendering template within layouts/application
Rendering rockets/index
ERROR: compiling _run_erb_app47views47rockets47index46html46erb RAISED compile error
/home/mcafeekj/www/rocketmath/app/views/rockets/index.html.erb:25: syntax error, unexpected kENSURE, expecting $end
Function body:           def _run_erb_app47views47rockets47index46html46erb(local_assigns)
            old_output_buffer = output_buffer;;@output_buffer = '';  __in_erb_template=true ; @output_buffer.concat "<div id=\"content\">\n"
;  form_tag :action => "index" ; @output_buffer.concat "\n<table class=\"problems\"><tr>\n"

;  40.times do |x| ; @output_buffer.concat "\n\t"
;  @up = @upfactors[rand(@upfactors.length)] ; @output_buffer.concat "\n\t"
;  @down = @downfactors[rand(@downfactors.length)] ; @output_buffer.concat "\n\t\n\t"

;  if x % 10 == 0 ; @output_buffer.concat "\n\t\t</tr><tr>\n\t"

;  end ; @output_buffer.concat "\n\t<td>\n\t"

; @output_buffer.concat(( @up.to_s ).to_s); @output_buffer.concat "<BR>\n\tX&nbsp;"
; @output_buffer.concat(( @down.to_s ).to_s); @output_buffer.concat "<BR>\n\t_____<BR>\n\t<BR><BR>\n\t</td>\n"



;  end ; @output_buffer.concat "\n</tr></table>\n<div class=\"generate\">\n\t<BR>\n\t"



; @output_buffer.concat(( submit_tag "Generate New" ).to_s); @output_buffer.concat "\n</div>\n"

;  end ; @output_buffer.concat "\n</div>"
; @output_buffer
          ensure
            self.output_buffer = old_output_buffer
          end
Backtrace: /home/mcafeekj/www/rocketmath/app/views/rockets/index.html.erb:25:in `compile!'
/usr/lib/ruby/gems/1.8/gems/actionpack-2.3.5/lib/action_view/renderable.rb:61:in `compile'
/usr/lib/ruby/gems/1.8/gems/actionpack-2.3.5/lib/action_view/renderable.rb:28:in `render'
/usr/lib/ruby/gems/1.8/gems/actionpack-2.3.5/lib/action_view/template.rb:205:in `render_template'
/usr/lib/ruby/gems/1.8/gems/actionpack-2.3.5/lib/action_view/base.rb:265:in `render'
/usr/lib/ruby/gems/1.8/gems/actionpack-2.3.5/lib/action_view/base.rb:348:in `_render_with_layout'
/usr/lib/ruby/gems/1.8/gems/actionpack-2.3.5/lib/action_view/base.rb:262:in `render'
/usr/lib/ruby/gems/1.8/gems/actionpack-2.3.5/lib/action_controller/base.rb:1250:in `render_for_file'
/usr/lib/ruby/gems/1.8/gems/actionpack-2.3.5/lib/action_controller/base.rb:945:in `render_without_benchmark'
/usr/lib/ruby/gems/1.8/gems/actionpack-2.3.5/lib/action_controller/benchmarking.rb:51:in `render'
/usr/lib/ruby/gems/1.8/gems/activesupport-2.3.5/lib/active_support/core_ext/benchmark.rb:17:in `ms'
/usr/lib/ruby/1.8/benchmark.rb:308:in `realtime'
/usr/lib/ruby/gems/1.8/gems/activesupport-2.3.5/lib/active_support/core_ext/benchmark.rb:17:in `ms'
/usr/lib/ruby/gems/1.8/gems/actionpack-2.3.5/lib/action_controller/benchmarking.rb:51:in `render'
/usr/lib/ruby/gems/1.8/gems/actionpack-2.3.5/lib/action_controller/base.rb:1326:in `default_render'
/usr/lib/ruby/gems/1.8/gems/actionpack-2.3.5/lib/action_controller/base.rb:1332:in `perform_action_without_filters'
/usr/lib/ruby/gems/1.8/gems/actionpack-2.3.5/lib/action_controller/filters.rb:617:in `call_filters'
/usr/lib/ruby/gems/1.8/gems/actionpack-2.3.5/lib/action_controller/filters.rb:610:in `perform_action_without_benchmark'
/usr/lib/ruby/gems/1.8/gems/actionpack-2.3.5/lib/action_controller/benchmarking.rb:68:in `perform_action_without_rescue'
/usr/lib/ruby/gems/1.8/gems/activesupport-2.3.5/lib/active_support/core_ext/benchmark.rb:17:in `ms'
/usr/lib/ruby/1.8/benchmark.rb:308:in `realtime'
/usr/lib/ruby/gems/1.8/gems/activesupport-2.3.5/lib/active_support/core_ext/benchmark.rb:17:in `ms'
/usr/lib/ruby/gems/1.8/gems/actionpack-2.3.5/lib/action_controller/benchmarking.rb:68:in `perform_action_without_rescue'
/usr/lib/ruby/gems/1.8/gems/actionpack-2.3.5/lib/action_controller/rescue.rb:160:in `perform_action_without_flash'
/usr/lib/ruby/gems/1.8/gems/actionpack-2.3.5/lib/action_controller/flash.rb:146:in `perform_action'
/usr/lib/ruby/gems/1.8/gems/actionpack-2.3.5/lib/action_controller/base.rb:532:in `send'
/usr/lib/ruby/gems/1.8/gems/actionpack-2.3.5/lib/action_controller/base.rb:532:in `process_without_filters'
/usr/lib/ruby/gems/1.8/gems/actionpack-2.3.5/lib/action_controller/filters.rb:606:in `process'
/usr/lib/ruby/gems/1.8/gems/actionpack-2.3.5/lib/action_controller/base.rb:391:in `process'
/usr/lib/ruby/gems/1.8/gems/actionpack-2.3.5/lib/action_controller/base.rb:386:in `call'
/usr/lib/ruby/gems/1.8/gems/actionpack-2.3.5/lib/action_controller/routing/route_set.rb:437:in `call'
/usr/lib/ruby/gems/1.8/gems/actionpack-2.3.5/lib/action_controller/dispatcher.rb:87:in `dispatch'
/usr/lib/ruby/gems/1.8/gems/actionpack-2.3.5/lib/action_controller/dispatcher.rb:121:in `_call'
/usr/lib/ruby/gems/1.8/gems/actionpack-2.3.5/lib/action_controller/dispatcher.rb:130
/usr/lib/ruby/gems/1.8/gems/actionpack-2.3.5/lib/action_controller/string_coercion.rb:25:in `call'
/usr/lib/ruby/gems/1.8/gems/actionpack-2.3.5/lib/action_controller/string_coercion.rb:25:in `call'
/usr/lib/ruby/gems/1.8/gems/rack-1.0.1/lib/rack/head.rb:9:in `call'
/usr/lib/ruby/gems/1.8/gems/rack-1.0.1/lib/rack/methodoverride.rb:24:in `call'
/usr/lib/ruby/gems/1.8/gems/actionpack-2.3.5/lib/action_controller/params_parser.rb:15:in `call'
/usr/lib/ruby/gems/1.8/gems/actionpack-2.3.5/lib/action_controller/session/cookie_store.rb:93:in `call'
/usr/lib/ruby/gems/1.8/gems/actionpack-2.3.5/lib/action_controller/failsafe.rb:26:in `call'
/usr/lib/ruby/gems/1.8/gems/rack-1.0.1/lib/rack/lock.rb:11:in `call'
/usr/lib/ruby/gems/1.8/gems/rack-1.0.1/lib/rack/lock.rb:11:in `synchronize'
/usr/lib/ruby/gems/1.8/gems/rack-1.0.1/lib/rack/lock.rb:11:in `call'
/usr/lib/ruby/gems/1.8/gems/actionpack-2.3.5/lib/action_controller/dispatcher.rb:114:in `call'
/usr/lib/ruby/gems/1.8/gems/actionpack-2.3.5/lib/action_controller/reloader.rb:34:in `run'
/usr/lib/ruby/gems/1.8/gems/actionpack-2.3.5/lib/action_controller/dispatcher.rb:108:in `call'
/usr/lib/ruby/gems/1.8/gems/rails-2.3.5/lib/rails/rack/static.rb:31:in `call'
/usr/lib/ruby/gems/1.8/gems/rack-1.0.1/lib/rack/urlmap.rb:46:in `call'
/usr/lib/ruby/gems/1.8/gems/rack-1.0.1/lib/rack/urlmap.rb:40:in `each'
/usr/lib/ruby/gems/1.8/gems/rack-1.0.1/lib/rack/urlmap.rb:40:in `call'
/usr/lib/ruby/gems/1.8/gems/rails-2.3.5/lib/rails/rack/log_tailer.rb:17:in `call'
/usr/lib/ruby/gems/1.8/gems/rack-1.0.1/lib/rack/content_length.rb:13:in `call'
/usr/lib/ruby/gems/1.8/gems/rack-1.0.1/lib/rack/handler/webrick.rb:50:in `service'
/usr/lib/ruby/1.8/webrick/httpserver.rb:104:in `service'
/usr/lib/ruby/1.8/webrick/httpserver.rb:65:in `run'
/usr/lib/ruby/1.8/webrick/server.rb:173:in `start_thread'
/usr/lib/ruby/1.8/webrick/server.rb:162:in `start'
/usr/lib/ruby/1.8/webrick/server.rb:162:in `start_thread'
/usr/lib/ruby/1.8/webrick/server.rb:95:in `start'
/usr/lib/ruby/1.8/webrick/server.rb:92:in `each'
/usr/lib/ruby/1.8/webrick/server.rb:92:in `start'
/usr/lib/ruby/1.8/webrick/server.rb:23:in `start'
/usr/lib/ruby/1.8/webrick/server.rb:82:in `start'
/usr/lib/ruby/gems/1.8/gems/rack-1.0.1/lib/rack/handler/webrick.rb:14:in `run'
/usr/lib/ruby/gems/1.8/gems/rails-2.3.5/lib/commands/server.rb:111
/usr/local/lib/site_ruby/1.8/rubygems/custom_require.rb:31:in `gem_original_require'
/usr/local/lib/site_ruby/1.8/rubygems/custom_require.rb:31:in `require'
./script/server:3
-e:2:in `load'
-e:2

ActionView::TemplateError (compile error
/home/mcafeekj/www/rocketmath/app/views/rockets/index.html.erb:25: syntax error, unexpected kENSURE, expecting $end) on line #25 of app/views/rockets/index.html.erb:
22: </div>
23: <% end %>
24: </div>

    app/views/rockets/index.html.erb:25:in `compile!'
    /usr/lib/ruby/1.8/webrick/httpserver.rb:104:in `service'
    /usr/lib/ruby/1.8/webrick/httpserver.rb:65:in `run'
    /usr/lib/ruby/1.8/webrick/server.rb:173:in `start_thread'
    /usr/lib/ruby/1.8/webrick/server.rb:162:in `start'
    /usr/lib/ruby/1.8/webrick/server.rb:162:in `start_thread'
    /usr/lib/ruby/1.8/webrick/server.rb:95:in `start'
    /usr/lib/ruby/1.8/webrick/server.rb:92:in `each'
    /usr/lib/ruby/1.8/webrick/server.rb:92:in `start'
    /usr/lib/ruby/1.8/webrick/server.rb:23:in `start'
    /usr/lib/ruby/1.8/webrick/server.rb:82:in `start'
    -e:2:in `load'
    -e:2

Rendered rescues/_trace (26.7ms)
Rendered rescues/_request_and_response (0.3ms)
Rendering rescues/layout (internal_server_error)


Processing RocketsController#index (for 127.0.0.1 at 2011-03-03 09:52:34) [POST]
  Parameters: {"commit"=>"Generate New", "authenticity_token"=>"JLDoNayQzhuTjcW3SVutFjOs6ZEXL0LUfFWQHP0THzU="}
Rendering template within layouts/application
Rendering rockets/index
Completed in 6ms (View: 5 | 200 OK [http://localhost/rockets]


Processing RocketsController#index (for 127.0.0.1 at 2011-03-03 09:52:44) [POST]
  Parameters: {"commit"=>"Generate New", "authenticity_token"=>"JLDoNayQzhuTjcW3SVutFjOs6ZEXL0LUfFWQHP0THzU="}
Rendering template within layouts/application
Rendering rockets/index
Completed in 4ms (View: 2 | 200 OK [http://localhost/rockets]


Processing RocketsController#index (for 127.0.0.1 at 2011-03-03 09:52:56) [POST]
  Parameters: {"commit"=>"Generate New", "authenticity_token"=>"JLDoNayQzhuTjcW3SVutFjOs6ZEXL0LUfFWQHP0THzU="}
Rendering template within layouts/application
Rendering rockets/index
Completed in 7ms (View: 5 | 200 OK [http://localhost/rockets]


Processing RocketsController#index (for 127.0.0.1 at 2011-03-03 09:53:02) [GET]
Rendering template within layouts/application
Rendering rockets/index
Completed in 4ms (View: 2 | 200 OK [http://localhost/rockets]


Processing RocketsController#index (for 127.0.0.1 at 2011-03-03 09:53:15) [GET]
Rendering template within layouts/application
Rendering rockets/index
Completed in 3ms (View: 2 | 200 OK [http://localhost/rockets]


Processing RocketsController#index (for 127.0.0.1 at 2011-03-03 09:53:23) [GET]
Rendering template within layouts/application
Rendering rockets/index
Completed in 3ms (View: 2 | 200 OK [http://localhost/rockets]


Processing RocketsController#index (for 127.0.0.1 at 2011-03-03 09:53:28) [GET]
Rendering template within layouts/application
Rendering rockets/index
Completed in 3ms (View: 2 | 200 OK [http://localhost/rockets]


Processing RocketsController#index (for 127.0.0.1 at 2011-03-03 09:55:36) [GET]
Rendering template within layouts/application
Rendering rockets/index
Completed in 3ms (View: 2 | 200 OK [http://localhost/rockets]


Processing RocketsController#index (for 127.0.0.1 at 2011-03-03 09:58:09) [GET]
Rendering template within layouts/application
Rendering rockets/index
Completed in 3ms (View: 2 | 200 OK [http://localhost/rockets]


Processing RocketsController#index (for 127.0.0.1 at 2011-03-03 09:58:53) [GET]
Rendering template within layouts/application
Rendering rockets/index
Completed in 6ms (View: 5 | 200 OK [http://localhost/rockets]


Processing RocketsController#index (for 127.0.0.1 at 2011-03-03 09:59:11) [GET]
Rendering template within layouts/application
Rendering rockets/index
Completed in 6ms (View: 5 | 200 OK [http://localhost/rockets]


Processing RocketsController#index (for 127.0.0.1 at 2011-03-03 09:59:50) [GET]
Rendering template within layouts/application
Rendering rockets/index
Completed in 4ms (View: 3 | 200 OK [http://localhost/rockets]


Processing RocketsController#index (for 127.0.0.1 at 2011-03-03 10:08:32) [GET]
Rendering template within layouts/application
Rendering rockets/index
Completed in 3ms (View: 2 | 200 OK [http://localhost/rockets]


Processing RocketsController#index (for 127.0.0.1 at 2011-03-03 10:09:27) [GET]
Rendering template within layouts/application
Rendering rockets/index
Completed in 3ms (View: 2 | 200 OK [http://localhost/rockets]


Processing RocketsController#index (for 127.0.0.1 at 2011-03-03 10:09:44) [GET]
Rendering template within layouts/application
Rendering rockets/index
Completed in 4ms (View: 2 | 200 OK [http://localhost/rockets]


Processing RocketsController#index (for 127.0.0.1 at 2011-03-03 10:09:50) [GET]
Rendering template within layouts/application
Rendering rockets/index
Completed in 3ms (View: 2 | 200 OK [http://localhost/rockets]


Processing RocketsController#index (for 127.0.0.1 at 2011-03-03 10:09:58) [GET]
Rendering template within layouts/application
Rendering rockets/index
Completed in 3ms (View: 2 | 200 OK [http://localhost/rockets]


Processing RocketsController#index (for 127.0.0.1 at 2011-03-03 10:10:57) [GET]
Rendering template within layouts/application
Rendering rockets/index
Completed in 6ms (View: 5 | 200 OK [http://localhost/rockets]


Processing RocketsController#index (for 127.0.0.1 at 2011-03-03 10:11:38) [GET]
Rendering template within layouts/application
Rendering rockets/index
Completed in 6ms (View: 5 | 200 OK [http://localhost/rockets]


Processing RocketsController#index (for 127.0.0.1 at 2011-03-03 10:11:56) [GET]
Rendering template within layouts/application
Rendering rockets/index
Completed in 6ms (View: 5 | 200 OK [http://localhost/rockets]


Processing RocketsController#index (for 127.0.0.1 at 2011-03-03 10:12:30) [GET]
Rendering template within layouts/application
Rendering rockets/index
Completed in 6ms (View: 5 | 200 OK [http://localhost/rockets]


Processing RocketsController#index (for 127.0.0.1 at 2011-03-03 10:12:41) [GET]
Rendering template within layouts/application
Rendering rockets/index
Completed in 6ms (View: 5 | 200 OK [http://localhost/rockets]


Processing RocketsController#index (for 127.0.0.1 at 2011-03-03 10:12:52) [GET]
Rendering template within layouts/application
Rendering rockets/index
Completed in 6ms (View: 5 | 200 OK [http://localhost/rockets]


Processing RocketsController#index (for 127.0.0.1 at 2011-03-03 10:13:37) [GET]
Rendering template within layouts/application
Rendering rockets/index
Completed in 4ms (View: 2 | 200 OK [http://localhost/rockets]


Processing RocketsController#index (for 127.0.0.1 at 2011-03-03 10:13:42) [GET]
Rendering template within layouts/application
Rendering rockets/index
Completed in 3ms (View: 2 | 200 OK [http://localhost/rockets]


Processing RocketsController#index (for 127.0.0.1 at 2011-03-03 10:13:47) [GET]
Rendering template within layouts/application
Rendering rockets/index
Completed in 3ms (View: 2 | 200 OK [http://localhost/rockets]


Processing RocketsController#index (for 127.0.0.1 at 2011-03-03 10:13:51) [GET]
Rendering template within layouts/application
Rendering rockets/index
Completed in 3ms (View: 2 | 200 OK [http://localhost/rockets]


Processing RocketsController#index (for 127.0.0.1 at 2011-03-03 10:13:56) [GET]
Rendering template within layouts/application
Rendering rockets/index
Completed in 3ms (View: 2 | 200 OK [http://localhost/rockets]


Processing RocketsController#index (for 127.0.0.1 at 2011-03-03 10:19:19) [GET]

NameError (uninitialized constant RocketsController::Random):
  app/controllers/rockets_controller.rb:8:in `index'
  /usr/lib/ruby/1.8/webrick/httpserver.rb:104:in `service'
  /usr/lib/ruby/1.8/webrick/httpserver.rb:65:in `run'
  /usr/lib/ruby/1.8/webrick/server.rb:173:in `start_thread'
  /usr/lib/ruby/1.8/webrick/server.rb:162:in `start'
  /usr/lib/ruby/1.8/webrick/server.rb:162:in `start_thread'
  /usr/lib/ruby/1.8/webrick/server.rb:95:in `start'
  /usr/lib/ruby/1.8/webrick/server.rb:92:in `each'
  /usr/lib/ruby/1.8/webrick/server.rb:92:in `start'
  /usr/lib/ruby/1.8/webrick/server.rb:23:in `start'
  /usr/lib/ruby/1.8/webrick/server.rb:82:in `start'
  -e:2:in `load'
  -e:2

Rendered rescues/_trace (22.0ms)
Rendered rescues/_request_and_response (0.2ms)
Rendering rescues/layout (internal_server_error)


Processing ApplicationController#index (for 127.0.0.1 at 2011-03-03 10:19:43) [GET]

NameError (uninitialized constant RocketsController::Random):
  app/controllers/rockets_controller.rb:3
  /usr/lib/ruby/1.8/webrick/httpserver.rb:104:in `service'
  /usr/lib/ruby/1.8/webrick/httpserver.rb:65:in `run'
  /usr/lib/ruby/1.8/webrick/server.rb:173:in `start_thread'
  /usr/lib/ruby/1.8/webrick/server.rb:162:in `start'
  /usr/lib/ruby/1.8/webrick/server.rb:162:in `start_thread'
  /usr/lib/ruby/1.8/webrick/server.rb:95:in `start'
  /usr/lib/ruby/1.8/webrick/server.rb:92:in `each'
  /usr/lib/ruby/1.8/webrick/server.rb:92:in `start'
  /usr/lib/ruby/1.8/webrick/server.rb:23:in `start'
  /usr/lib/ruby/1.8/webrick/server.rb:82:in `start'
  -e:2:in `load'
  -e:2

Rendered rescues/_trace (20.9ms)
Rendered rescues/_request_and_response (0.2ms)
Rendering rescues/layout (internal_server_error)


Processing ApplicationController#index (for 127.0.0.1 at 2011-03-03 10:24:35) [GET]

TypeError (can't convert Module into String):
  app/controllers/rockets_controller.rb:3
  /usr/lib/ruby/1.8/webrick/httpserver.rb:104:in `service'
  /usr/lib/ruby/1.8/webrick/httpserver.rb:65:in `run'
  /usr/lib/ruby/1.8/webrick/server.rb:173:in `start_thread'
  /usr/lib/ruby/1.8/webrick/server.rb:162:in `start'
  /usr/lib/ruby/1.8/webrick/server.rb:162:in `start_thread'
  /usr/lib/ruby/1.8/webrick/server.rb:95:in `start'
  /usr/lib/ruby/1.8/webrick/server.rb:92:in `each'
  /usr/lib/ruby/1.8/webrick/server.rb:92:in `start'
  /usr/lib/ruby/1.8/webrick/server.rb:23:in `start'
  /usr/lib/ruby/1.8/webrick/server.rb:82:in `start'
  -e:2:in `load'
  -e:2

Rendered rescues/_trace (24.0ms)
Rendered rescues/_request_and_response (0.3ms)
Rendering rescues/layout (internal_server_error)


Processing ApplicationController#index (for 127.0.0.1 at 2011-03-03 10:24:43) [GET]

TypeError (can't convert Module into String):
  app/controllers/rockets_controller.rb:3
  /usr/lib/ruby/1.8/webrick/httpserver.rb:104:in `service'
  /usr/lib/ruby/1.8/webrick/httpserver.rb:65:in `run'
  /usr/lib/ruby/1.8/webrick/server.rb:173:in `start_thread'
  /usr/lib/ruby/1.8/webrick/server.rb:162:in `start'
  /usr/lib/ruby/1.8/webrick/server.rb:162:in `start_thread'
  /usr/lib/ruby/1.8/webrick/server.rb:95:in `start'
  /usr/lib/ruby/1.8/webrick/server.rb:92:in `each'
  /usr/lib/ruby/1.8/webrick/server.rb:92:in `start'
  /usr/lib/ruby/1.8/webrick/server.rb:23:in `start'
  /usr/lib/ruby/1.8/webrick/server.rb:82:in `start'
  -e:2:in `load'
  -e:2

Rendered rescues/_trace (22.3ms)
Rendered rescues/_request_and_response (0.2ms)
Rendering rescues/layout (internal_server_error)


Processing ApplicationController#index (for 127.0.0.1 at 2011-03-03 10:24:46) [GET]

TypeError (can't convert Module into String):
  app/controllers/rockets_controller.rb:3
  /usr/lib/ruby/1.8/webrick/httpserver.rb:104:in `service'
  /usr/lib/ruby/1.8/webrick/httpserver.rb:65:in `run'
  /usr/lib/ruby/1.8/webrick/server.rb:173:in `start_thread'
  /usr/lib/ruby/1.8/webrick/server.rb:162:in `start'
  /usr/lib/ruby/1.8/webrick/server.rb:162:in `start_thread'
  /usr/lib/ruby/1.8/webrick/server.rb:95:in `start'
  /usr/lib/ruby/1.8/webrick/server.rb:92:in `each'
  /usr/lib/ruby/1.8/webrick/server.rb:92:in `start'
  /usr/lib/ruby/1.8/webrick/server.rb:23:in `start'
  /usr/lib/ruby/1.8/webrick/server.rb:82:in `start'
  -e:2:in `load'
  -e:2

Rendered rescues/_trace (21.9ms)
Rendered rescues/_request_and_response (0.3ms)
Rendering rescues/layout (internal_server_error)


Processing RocketsController#index (for 127.0.0.1 at 2011-03-03 10:24:51) [GET]
Rendering template within layouts/application
Rendering rockets/index
Completed in 6ms (View: 5 | 200 OK [http://localhost/rockets]


Processing RocketsController#index (for 127.0.0.1 at 2011-03-03 10:24:53) [GET]
Rendering template within layouts/application
Rendering rockets/index
Completed in 3ms (View: 2 | 200 OK [http://localhost/rockets]


Processing RocketsController#index (for 127.0.0.1 at 2011-03-03 10:24:55) [GET]
Rendering template within layouts/application
Rendering rockets/index
Completed in 4ms (View: 2 | 200 OK [http://localhost/rockets]


Processing RocketsController#index (for 127.0.0.1 at 2011-03-03 10:24:56) [GET]
Rendering template within layouts/application
Rendering rockets/index
Completed in 3ms (View: 2 | 200 OK [http://localhost/rockets]


Processing RocketsController#index (for 127.0.0.1 at 2011-03-03 10:24:57) [GET]
Rendering template within layouts/application
Rendering rockets/index
Completed in 3ms (View: 2 | 200 OK [http://localhost/rockets]


Processing RocketsController#index (for 127.0.0.1 at 2011-03-03 10:24:58) [GET]
Rendering template within layouts/application
Rendering rockets/index
Completed in 3ms (View: 2 | 200 OK [http://localhost/rockets]


Processing RocketsController#index (for 127.0.0.1 at 2011-03-03 10:24:59) [GET]
Rendering template within layouts/application
Rendering rockets/index
Completed in 3ms (View: 2 | 200 OK [http://localhost/rockets]


Processing RocketsController#index (for 127.0.0.1 at 2011-03-03 10:26:31) [GET]
Rendering template within layouts/application
Rendering rockets/index
Completed in 6ms (View: 5 | 200 OK [http://localhost/rockets]


Processing RocketsController#index (for 127.0.0.1 at 2011-03-03 10:26:33) [GET]
Rendering template within layouts/application
Rendering rockets/index
Completed in 3ms (View: 2 | 200 OK [http://localhost/rockets]


Processing RocketsController#index (for 127.0.0.1 at 2011-03-03 10:26:36) [GET]
Rendering template within layouts/application
Rendering rockets/index
Completed in 3ms (View: 2 | 200 OK [http://localhost/rockets]


Processing RocketsController#index (for 127.0.0.1 at 2011-03-03 10:26:40) [GET]
Rendering template within layouts/application
Rendering rockets/index
Completed in 3ms (View: 2 | 200 OK [http://localhost/rockets]


Processing RocketsController#index (for 127.0.0.1 at 2011-03-03 10:26:46) [GET]
Rendering template within layouts/application
Rendering rockets/index
Completed in 3ms (View: 2 | 200 OK [http://localhost/rockets]


Processing RocketsController#index (for 127.0.0.1 at 2011-03-03 10:26:51) [GET]
Rendering template within layouts/application
Rendering rockets/index
Completed in 3ms (View: 2 | 200 OK [http://localhost/rockets]


Processing RocketsController#index (for 127.0.0.1 at 2011-03-03 10:26:52) [GET]
Rendering template within layouts/application
Rendering rockets/index
Completed in 3ms (View: 2 | 200 OK [http://localhost/rockets]


Processing RocketsController#index (for 127.0.0.1 at 2011-03-03 10:26:54) [GET]
Rendering template within layouts/application
Rendering rockets/index
Completed in 4ms (View: 2 | 200 OK [http://localhost/rockets]


Processing RocketsController#index (for 127.0.0.1 at 2011-03-03 10:26:55) [GET]
Rendering template within layouts/application
Rendering rockets/index
Completed in 3ms (View: 2 | 200 OK [http://localhost/rockets]


Processing RocketsController#index (for 127.0.0.1 at 2011-03-03 10:27:40) [GET]
Rendering template within layouts/application
Rendering rockets/index
Completed in 6ms (View: 5 | 200 OK [http://localhost/rockets]


Processing RocketsController#index (for 127.0.0.1 at 2011-03-03 10:27:41) [GET]
Rendering template within layouts/application
Rendering rockets/index
Completed in 3ms (View: 2 | 200 OK [http://localhost/rockets]


Processing RocketsController#index (for 127.0.0.1 at 2011-03-03 10:27:41) [GET]
Rendering template within layouts/application
Rendering rockets/index
Completed in 3ms (View: 2 | 200 OK [http://localhost/rockets]


Processing RocketsController#index (for 127.0.0.1 at 2011-03-03 10:27:43) [GET]
Rendering template within layouts/application
Rendering rockets/index
Completed in 3ms (View: 2 | 200 OK [http://localhost/rockets]


Processing RocketsController#index (for 127.0.0.1 at 2011-03-03 10:27:44) [GET]
Rendering template within layouts/application
Rendering rockets/index
Completed in 3ms (View: 2 | 200 OK [http://localhost/rockets]


Processing RocketsController#index (for 127.0.0.1 at 2011-03-03 10:27:45) [GET]
Rendering template within layouts/application
Rendering rockets/index
Completed in 3ms (View: 2 | 200 OK [http://localhost/rockets]


Processing RocketsController#index (for 127.0.0.1 at 2011-03-03 10:27:46) [GET]
Rendering template within layouts/application
Rendering rockets/index
Completed in 3ms (View: 2 | 200 OK [http://localhost/rockets]


Processing RocketsController#index (for 127.0.0.1 at 2011-03-03 10:27:46) [GET]
Rendering template within layouts/application
Rendering rockets/index
Completed in 3ms (View: 2 | 200 OK [http://localhost/rockets]


Processing RocketsController#index (for 127.0.0.1 at 2011-03-03 10:27:47) [GET]
Rendering template within layouts/application
Rendering rockets/index
Completed in 3ms (View: 2 | 200 OK [http://localhost/rockets]


Processing RocketsController#index (for 127.0.0.1 at 2011-03-03 10:27:47) [GET]
Rendering template within layouts/application
Rendering rockets/index
Completed in 3ms (View: 2 | 200 OK [http://localhost/rockets]


Processing RocketsController#index (for 127.0.0.1 at 2011-03-03 10:27:48) [GET]
Rendering template within layouts/application
Rendering rockets/index
Completed in 3ms (View: 2 | 200 OK [http://localhost/rockets]


Processing RocketsController#index (for 127.0.0.1 at 2011-03-03 10:27:51) [GET]
Rendering template within layouts/application
Rendering rockets/index
Completed in 3ms (View: 2 | 200 OK [http://localhost/rockets]


Processing RocketsController#index (for 127.0.0.1 at 2011-03-03 10:31:00) [GET]

ArgumentError (wrong number of arguments (1 for 0)):
  app/controllers/rockets_controller.rb:8:in `sort_by'
  app/controllers/rockets_controller.rb:8:in `index'
  /usr/lib/ruby/1.8/webrick/httpserver.rb:104:in `service'
  /usr/lib/ruby/1.8/webrick/httpserver.rb:65:in `run'
  /usr/lib/ruby/1.8/webrick/server.rb:173:in `start_thread'
  /usr/lib/ruby/1.8/webrick/server.rb:162:in `start'
  /usr/lib/ruby/1.8/webrick/server.rb:162:in `start_thread'
  /usr/lib/ruby/1.8/webrick/server.rb:95:in `start'
  /usr/lib/ruby/1.8/webrick/server.rb:92:in `each'
  /usr/lib/ruby/1.8/webrick/server.rb:92:in `start'
  /usr/lib/ruby/1.8/webrick/server.rb:23:in `start'
  /usr/lib/ruby/1.8/webrick/server.rb:82:in `start'
  -e:2:in `load'
  -e:2

Rendered rescues/_trace (21.7ms)
Rendered rescues/_request_and_response (0.2ms)
Rendering rescues/layout (internal_server_error)


Processing RocketsController#index (for 127.0.0.1 at 2011-03-03 10:31:27) [GET]
Rendering template within layouts/application
Rendering rockets/index

ActionView::TemplateError (wrong number of arguments (1 for 0)) on line #11 of app/views/rockets/index.html.erb:
8: 	<% @down = @downfactors.pop %>
9: 	
10: 	<% if x % 10 == 0 %>
11: 		<% @upfactors = @upfactors.sort_by(rand) %>
12: 		<% @downfactors = @downfactors.sort_by(rand) %>
13: 		</tr><tr>
14: 	<% end %>

    app/views/rockets/index.html.erb:11:in `sort_by'
    app/views/rockets/index.html.erb:11
    app/views/rockets/index.html.erb:4:in `times'
    app/views/rockets/index.html.erb:4
    /usr/lib/ruby/1.8/webrick/httpserver.rb:104:in `service'
    /usr/lib/ruby/1.8/webrick/httpserver.rb:65:in `run'
    /usr/lib/ruby/1.8/webrick/server.rb:173:in `start_thread'
    /usr/lib/ruby/1.8/webrick/server.rb:162:in `start'
    /usr/lib/ruby/1.8/webrick/server.rb:162:in `start_thread'
    /usr/lib/ruby/1.8/webrick/server.rb:95:in `start'
    /usr/lib/ruby/1.8/webrick/server.rb:92:in `each'
    /usr/lib/ruby/1.8/webrick/server.rb:92:in `start'
    /usr/lib/ruby/1.8/webrick/server.rb:23:in `start'
    /usr/lib/ruby/1.8/webrick/server.rb:82:in `start'
    -e:2:in `load'
    -e:2

Rendered rescues/_trace (28.7ms)
Rendered rescues/_request_and_response (0.2ms)
Rendering rescues/layout (internal_server_error)


Processing RocketsController#index (for 127.0.0.1 at 2011-03-03 10:33:40) [GET]
Rendering template within layouts/application
Rendering rockets/index

ActionView::TemplateError (wrong number of arguments (1 for 0)) on line #11 of app/views/rockets/index.html.erb:
8: 	<% #@down = @downfactors.pop %>
9: 	
10: 	<% if x % 10 == 0 %>
11: 		<% @upfactors = @upfactors.sort_by(rand) %>
12: 		<% @downfactors = @downfactors.sort_by(rand) %>
13: 		</tr><tr>
14: 	<% end %>

    app/views/rockets/index.html.erb:11:in `sort_by'
    app/views/rockets/index.html.erb:11
    app/views/rockets/index.html.erb:4:in `times'
    app/views/rockets/index.html.erb:4
    /usr/lib/ruby/1.8/webrick/httpserver.rb:104:in `service'
    /usr/lib/ruby/1.8/webrick/httpserver.rb:65:in `run'
    /usr/lib/ruby/1.8/webrick/server.rb:173:in `start_thread'
    /usr/lib/ruby/1.8/webrick/server.rb:162:in `start'
    /usr/lib/ruby/1.8/webrick/server.rb:162:in `start_thread'
    /usr/lib/ruby/1.8/webrick/server.rb:95:in `start'
    /usr/lib/ruby/1.8/webrick/server.rb:92:in `each'
    /usr/lib/ruby/1.8/webrick/server.rb:92:in `start'
    /usr/lib/ruby/1.8/webrick/server.rb:23:in `start'
    /usr/lib/ruby/1.8/webrick/server.rb:82:in `start'
    -e:2:in `load'
    -e:2

Rendered rescues/_trace (28.7ms)
Rendered rescues/_request_and_response (0.2ms)
Rendering rescues/layout (internal_server_error)


Processing RocketsController#index (for 127.0.0.1 at 2011-03-03 10:33:58) [GET]
Rendering template within layouts/application
Rendering rockets/index

ActionView::TemplateError (wrong number of arguments (1 for 0)) on line #11 of app/views/rockets/index.html.erb:
8: 	<% #@down = @downfactors.pop %>
9: 	
10: 	<% if x % 10 == 0 %>
11: 		<% @upfactors.sort_by(rand) %>
12: 		<% @downfactors.sort_by(rand) %>
13: 		</tr><tr>
14: 	<% end %>

    app/views/rockets/index.html.erb:11:in `sort_by'
    app/views/rockets/index.html.erb:11
    app/views/rockets/index.html.erb:4:in `times'
    app/views/rockets/index.html.erb:4
    /usr/lib/ruby/1.8/webrick/httpserver.rb:104:in `service'
    /usr/lib/ruby/1.8/webrick/httpserver.rb:65:in `run'
    /usr/lib/ruby/1.8/webrick/server.rb:173:in `start_thread'
    /usr/lib/ruby/1.8/webrick/server.rb:162:in `start'
    /usr/lib/ruby/1.8/webrick/server.rb:162:in `start_thread'
    /usr/lib/ruby/1.8/webrick/server.rb:95:in `start'
    /usr/lib/ruby/1.8/webrick/server.rb:92:in `each'
    /usr/lib/ruby/1.8/webrick/server.rb:92:in `start'
    /usr/lib/ruby/1.8/webrick/server.rb:23:in `start'
    /usr/lib/ruby/1.8/webrick/server.rb:82:in `start'
    -e:2:in `load'
    -e:2

Rendered rescues/_trace (28.5ms)
Rendered rescues/_request_and_response (0.2ms)
Rendering rescues/layout (internal_server_error)


Processing RocketsController#index (for 127.0.0.1 at 2011-03-03 10:34:22) [GET]
Rendering template within layouts/application
Rendering rockets/index
Completed in 7ms (View: 5 | 200 OK [http://localhost/rockets]


Processing RocketsController#index (for 127.0.0.1 at 2011-03-03 10:36:10) [GET]
Rendering template within layouts/application
Rendering rockets/index
Completed in 7ms (View: 5 | 200 OK [http://localhost/rockets]


Processing RocketsController#index (for 127.0.0.1 at 2011-03-03 10:37:10) [GET]
Rendering template within layouts/application
Rendering rockets/index

ActionView::TemplateError (You have a nil object when you didn't expect it!
You might have expected an instance of Array.
The error occurred while evaluating nil.last) on line #11 of app/views/rockets/index.html.erb:
8: 	<% #@down = @downfactors(@upfactors.last) %>
9: 	
10: 	<% if x % 10 == 0 %>
11: 		<% @up = @upfactors.sort_by{@up.last} %>
12: 		<% @down = @downfactors.sort_by{rand} %>
13: 		</tr><tr>
14: 	<% end %>

    app/views/rockets/index.html.erb:11
    app/views/rockets/index.html.erb:11:in `each'
    app/views/rockets/index.html.erb:11:in `sort_by'
    app/views/rockets/index.html.erb:11
    app/views/rockets/index.html.erb:4:in `times'
    app/views/rockets/index.html.erb:4
    /usr/lib/ruby/1.8/webrick/httpserver.rb:104:in `service'
    /usr/lib/ruby/1.8/webrick/httpserver.rb:65:in `run'
    /usr/lib/ruby/1.8/webrick/server.rb:173:in `start_thread'
    /usr/lib/ruby/1.8/webrick/server.rb:162:in `start'
    /usr/lib/ruby/1.8/webrick/server.rb:162:in `start_thread'
    /usr/lib/ruby/1.8/webrick/server.rb:95:in `start'
    /usr/lib/ruby/1.8/webrick/server.rb:92:in `each'
    /usr/lib/ruby/1.8/webrick/server.rb:92:in `start'
    /usr/lib/ruby/1.8/webrick/server.rb:23:in `start'
    /usr/lib/ruby/1.8/webrick/server.rb:82:in `start'
    -e:2:in `load'
    -e:2

Rendered rescues/_trace (29.5ms)
Rendered rescues/_request_and_response (0.2ms)
Rendering rescues/layout (internal_server_error)


Processing RocketsController#index (for 127.0.0.1 at 2011-03-03 10:37:25) [GET]
Rendering template within layouts/application
Rendering rockets/index
Completed in 6ms (View: 5 | 200 OK [http://localhost/rockets]


Processing RocketsController#index (for 127.0.0.1 at 2011-03-03 10:37:34) [GET]
Rendering template within layouts/application
Rendering rockets/index
Completed in 6ms (View: 5 | 200 OK [http://localhost/rockets]


Processing RocketsController#index (for 127.0.0.1 at 2011-03-03 10:37:35) [GET]
Rendering template within layouts/application
Rendering rockets/index
Completed in 3ms (View: 2 | 200 OK [http://localhost/rockets]


Processing RocketsController#index (for 127.0.0.1 at 2011-03-03 10:37:36) [GET]
Rendering template within layouts/application
Rendering rockets/index
Completed in 3ms (View: 2 | 200 OK [http://localhost/rockets]


Processing RocketsController#index (for 127.0.0.1 at 2011-03-03 10:37:42) [GET]
Rendering template within layouts/application
Rendering rockets/index
Completed in 4ms (View: 2 | 200 OK [http://localhost/rockets]


Processing RocketsController#index (for 127.0.0.1 at 2011-03-03 10:37:46) [GET]
Rendering template within layouts/application
Rendering rockets/index
Completed in 4ms (View: 2 | 200 OK [http://localhost/rockets]


Processing RocketsController#index (for 127.0.0.1 at 2011-03-03 10:37:50) [GET]
Rendering template within layouts/application
Rendering rockets/index
Completed in 3ms (View: 2 | 200 OK [http://localhost/rockets]


Processing RocketsController#index (for 127.0.0.1 at 2011-03-03 10:37:54) [GET]
Rendering template within layouts/application
Rendering rockets/index
Completed in 3ms (View: 2 | 200 OK [http://localhost/rockets]


Processing RocketsController#index (for 127.0.0.1 at 2011-03-03 10:37:58) [GET]
Rendering template within layouts/application
Rendering rockets/index
Completed in 3ms (View: 2 | 200 OK [http://localhost/rockets]


Processing RocketsController#index (for 127.0.0.1 at 2011-03-03 10:38:01) [GET]
Rendering template within layouts/application
Rendering rockets/index
Completed in 3ms (View: 2 | 200 OK [http://localhost/rockets]


Processing RocketsController#index (for 127.0.0.1 at 2011-03-03 10:38:05) [GET]
Rendering template within layouts/application
Rendering rockets/index
Completed in 3ms (View: 2 | 200 OK [http://localhost/rockets]


Processing RocketsController#index (for 127.0.0.1 at 2011-03-03 10:38:09) [GET]
Rendering template within layouts/application
Rendering rockets/index
Completed in 3ms (View: 2 | 200 OK [http://localhost/rockets]


Processing RocketsController#index (for 127.0.0.1 at 2011-03-03 10:38:27) [GET]
Rendering template within layouts/application
Rendering rockets/index
Completed in 3ms (View: 2 | 200 OK [http://localhost/rockets]


Processing RocketsController#index (for 127.0.0.1 at 2011-03-03 10:38:36) [GET]
Rendering template within layouts/application
Rendering rockets/index
Completed in 3ms (View: 2 | 200 OK [http://localhost/rockets]


Processing RocketsController#index (for 127.0.0.1 at 2011-03-03 10:38:41) [GET]
Rendering template within layouts/application
Rendering rockets/index
Completed in 3ms (View: 2 | 200 OK [http://localhost/rockets]


Processing RocketsController#index (for 127.0.0.1 at 2011-03-03 10:38:45) [GET]
Rendering template within layouts/application
Rendering rockets/index
Completed in 3ms (View: 2 | 200 OK [http://localhost/rockets]


Processing RocketsController#index (for 127.0.0.1 at 2011-03-03 10:38:50) [GET]
Rendering template within layouts/application
Rendering rockets/index
Completed in 3ms (View: 2 | 200 OK [http://localhost/rockets]


Processing RocketsController#index (for 127.0.0.1 at 2011-03-03 10:38:53) [GET]
Rendering template within layouts/application
Rendering rockets/index
Completed in 4ms (View: 2 | 200 OK [http://localhost/rockets]


Processing RocketsController#index (for 127.0.0.1 at 2011-03-03 10:38:55) [GET]
Rendering template within layouts/application
Rendering rockets/index
Completed in 3ms (View: 2 | 200 OK [http://localhost/rockets]
